 
STEADY-STATE RESULTS:
 
c                  		 1.57075
consumption_obs    		 1
credit_obs         		 1
epsil              		 1
Fp                 		 7.02868
Fw                 		 2.37527
g                  		 0.608271
gamma              		 0.985
gdp_obs            		 1
h                  		 1.01373
hours_obs          		 1
i                  		 0.798323
inflation_obs      		 1
investment_obs     		 1
kbar               		 24.1271
lambdaf            		 1.2
lambdaz            		 0.610222
muup               		 1
muzstar            		 1.00412
n                  		 11.9712
networth_obs       		 1
omegabar           		 0.500971
phi                		 0.598353
pi                 		 1.00601
pinvest_obs        		 1
pitarget           		 1.00601
premium_obs        		 1
pstar              		 1
q                  		 1
Re                 		 0.0114707
Re_obs             		 1
RealRe_obs         		 1
rL                 		 1.00543
rk                 		 0.050015
Rk                 		 0.0188063
RL                 		 0.0114707
s                  		 0.833333
sigma              		 0.259199
xi0                		 1
xi1                		 1
xi2                		 1
xi3                		 1
xi4                		 1
xi5                		 1
xi6                		 1
xi7                		 1
xi8                		 1
xi02               		 1
xi12               		 1
xi22               		 1
xi32               		 1
xi42               		 1
xi52               		 1
xi62               		 1
xi72               		 1
xi82               		 1
xi03               		 1
xi13               		 1
xi23               		 1
xi33               		 1
xi43               		 1
xi53               		 1
xi63               		 1
xi73               		 1
xi83               		 1
Spread1_obs        		 1
term               		 1
volEquity          		 0.536401
u                  		 1
wage_obs           		 1
wtilde             		 1.77074
wstar              		 1
zetac              		 1
zetai              		 1
 
EIGENVALUES:
         Modulus             Real        Imaginary

               0                0                0
               0                0                0
               0                0                0
               0                0                0
               0                0                0
               0                0                0
               0                0                0
               0                0                0
               0                0                0
               0                0                0
               0                0                0
               0                0                0
               0                0                0
               0                0                0
               0                0                0
               0                0                0
               0                0                0
               0                0                0
               0                0                0
               0                0                0
               0                0                0
               0                0                0
               0                0                0
               0                0                0
               0                0                0
               0                0                0
               0                0                0
               0                0                0
               0                0                0
               0                0                0
               0                0                0
               0                0                0
               0                0                0
               0                0                0
               0                0                0
               0                0                0
               0                0                0
               0                0                0
               0               -0                0
               0                0                0
               0                0                0
               0                0                0
               0                0                0
               0                0                0
               0                0                0
               0                0                0
               0                0                0
               0                0                0
               0                0                0
               0                0                0
               0                0                0
               0                0                0
               0                0                0
               0                0                0
               0                0                0
               0                0                0
               0                0                0
               0                0                0
               0                0                0
               0                0                0
               0                0                0
               0                0                0
               0                0                0
               0               -0                0
               0               -0                0
               0               -0                0
               0               -0                0
               0               -0                0
               0               -0                0
               0               -0                0
               0               -0                0
               0               -0                0
               0               -0                0
               0               -0                0
               0               -0                0
               0               -0                0
               0               -0                0
               0               -0                0
               0               -0                0
               0               -0                0
               0               -0                0
               0               -0                0
               0               -0                0
               0               -0                0
               0               -0                0
               0               -0                0
               0               -0                0
               0                0                0
               0                0                0
               0                0                0
               0                0                0
               0                0                0
               0                0                0
               0                0                0
               0                0                0
               0                0                0
               0                0                0
               0                0                0
               0                0                0
               0                0                0
               0                0                0
               0               -0                0
               0               -0                0
               0               -0                0
               0               -0                0
               0               -0                0
               0               -0                0
               0               -0                0
               0               -0                0
               0               -0                0
               0               -0                0
               0               -0                0
               0               -0                0
               0               -0                0
               0               -0                0
               0               -0                0
               0               -0                0
               0               -0                0
               0               -0                0
               0               -0                0
               0               -0                0
               0               -0                0
               0               -0                0
               0               -0                0
               0               -0                0
               0               -0                0
               0               -0                0
               0               -0                0
               0               -0                0
               0               -0                0
               0               -0                0
               0               -0                0
               0               -0                0
               0               -0                0
               0               -0                0
               0               -0                0
               0               -0                0
               0               -0                0
               0               -0                0
               0               -0                0
               0               -0                0
               0               -0                0
               0               -0                0
               0               -0                0
               0               -0                0
               0               -0                0
               0               -0                0
               0               -0                0
               0               -0                0
               0               -0                0
               0               -0                0
               0               -0                0
               0               -0                0
               0               -0                0
               0               -0                0
               0               -0                0
               0               -0                0
               0               -0                0
               0               -0                0
               0               -0                0
               0               -0                0
               0               -0                0
               0               -0                0
               0               -0                0
               0               -0                0
               0               -0                0
               0               -0                0
               0               -0                0
               0               -0                0
               0               -0                0
               0               -0                0
               0               -0                0
               0               -0                0
               0               -0                0
               0               -0                0
               0               -0                0
               0               -0                0
               0               -0                0
               0               -0                0
               0               -0                0
               0               -0                0
               0               -0                0
               0               -0                0
               0               -0                0
               0               -0                0
               0               -0                0
               0               -0                0
               0               -0                0
               0               -0                0
               0               -0                0
               0               -0                0
               0               -0                0
               0               -0                0
               0               -0                0
               0               -0                0
               0               -0                0
               0               -0                0
               0               -0                0
               0               -0                0
               0               -0                0
               0               -0                0
               0               -0                0
               0               -0                0
               0               -0                0
               0               -0                0
               0               -0                0
               0               -0                0
               0               -0                0
               0               -0                0
               0               -0                0
               0               -0                0
               0               -0                0
               0               -0                0
               0               -0                0
               0               -0                0
               0               -0                0
               0               -0                0
               0               -0                0
               0               -0                0
               0               -0                0
               0               -0                0
               0               -0                0
               0               -0                0
               0               -0                0
               0               -0                0
               0               -0                0
               0               -0                0
               0               -0                0
               0               -0                0
               0               -0                0
               0               -0                0
               0               -0                0
               0               -0                0
               0               -0                0
               0               -0                0
               0               -0                0
               0               -0                0
               0               -0                0
               0               -0                0
               0               -0                0
               0               -0                0
               0               -0                0
               0               -0                0
               0               -0                0
               0               -0                0
               0               -0                0
               0               -0                0
               0               -0                0
               0               -0                0
               0               -0                0
               0               -0                0
               0               -0                0
               0               -0                0
               0               -0                0
               0               -0                0
               0               -0                0
               0               -0                0
               0               -0                0
               0               -0                0
               0               -0                0
               0               -0                0
               0               -0                0
               0               -0                0
               0               -0                0
               0               -0                0
               0               -0                0
               0               -0                0
               0               -0                0
               0               -0                0
               0               -0                0
               0               -0                0
               0               -0                0
               0               -0                0
               0               -0                0
               0               -0                0
               0               -0                0
               0               -0                0
               0               -0                0
               0               -0                0
               0               -0                0
               0               -0                0
               0               -0                0
               0               -0                0
               0               -0                0
               0               -0                0
               0               -0                0
               0               -0                0
               0               -0                0
               0               -0                0
               0               -0                0
               0               -0                0
               0               -0                0
               0               -0                0
               0               -0                0
               0               -0                0
               0               -0                0
               0               -0                0
       1.786e-17        1.786e-17                0
       1.212e-16       -1.212e-16                0
         0.09864          0.09864                0
          0.1459           0.1459                0
          0.7412           0.7412                0
          0.7453           0.7396           0.0916
          0.7453           0.7396          -0.0916
          0.8057           0.8057                0
          0.8089           0.8089                0
          0.8128           0.8128                0
          0.8968           0.8968                0
          0.9087           0.9087                0
          0.9109           0.9109                0
          0.9251           0.9245          0.03449
          0.9251           0.9245         -0.03449
          0.9427           0.9427                0
          0.9706           0.9706                0
          0.9744           0.9744                0
          0.9747           0.9747                0
           0.975            0.975                0
           0.987            0.987                0
           1.056            1.047           0.1404
           1.056            1.047          -0.1404
           1.083            1.082          0.04506
           1.083            1.082         -0.04506
           1.232            1.232                0
           1.255            1.255                0
           1.351            1.351                0
           1.358            1.358                0
             Inf              Inf                0
             Inf              Inf                0
             Inf              Inf                0
             Inf              Inf                0
             Inf              Inf                0
             Inf              Inf                0
             Inf              Inf                0
             Inf              Inf                0
             Inf              Inf                0
             Inf              Inf                0
             Inf              Inf                0
             Inf              Inf                0
             Inf              Inf                0
             Inf              Inf                0
             Inf              Inf                0
             Inf              Inf                0
             Inf              Inf                0
             Inf              Inf                0
             Inf              Inf                0
             Inf              Inf                0
             Inf              Inf                0
             Inf              Inf                0
             Inf              Inf                0
             Inf              Inf                0
             Inf              Inf                0
             Inf              Inf                0
             Inf              Inf                0
             Inf              Inf                0
             Inf              Inf                0
             Inf              Inf                0
             Inf              Inf                0
             Inf              Inf                0
             Inf              Inf                0
             Inf              Inf                0
             Inf              Inf                0
             Inf              Inf                0
             Inf              Inf                0
             Inf              Inf                0
             Inf              Inf                0
             Inf              Inf                0
             Inf              Inf                0
             Inf              Inf                0
             Inf              Inf                0
             Inf              Inf                0
             Inf              Inf                0
             Inf              Inf                0
             Inf              Inf                0
             Inf              Inf                0
             Inf              Inf                0
             Inf              Inf                0
             Inf              Inf                0
             Inf              Inf                0
             Inf              Inf                0
             Inf              Inf                0
             Inf              Inf                0
             Inf              Inf                0
             Inf              Inf                0
             Inf              Inf                0
             Inf              Inf                0
             Inf              Inf                0
             Inf              Inf                0
             Inf              Inf                0
             Inf              Inf                0
             Inf              Inf                0
             Inf              Inf                0
             Inf              Inf                0
             Inf              Inf                0
             Inf              Inf                0
             Inf              Inf                0
             Inf              Inf                0
             Inf              Inf                0
             Inf              Inf                0
             Inf              Inf                0
             Inf              Inf                0
             Inf              Inf                0
             Inf              Inf                0
             Inf              Inf                0
             Inf              Inf                0
             Inf              Inf                0
             Inf              Inf                0
             Inf              Inf                0
             Inf              Inf                0
             Inf              Inf                0
             Inf              Inf                0
             Inf              Inf                0
             Inf              Inf                0


There are 94 eigenvalue(s) larger than 1 in modulus 
for 94 forward-looking variable(s)
 
The rank condition is verified.
 
Loading 118 observations from data_BAAoverTB.mat

Initial value of the log posterior (or likelihood): 4709.2015
 
RESULTS FROM POSTERIOR MAXIMIZATION
parameters
             prior mean     mode    s.d. t-stat prior pstdev

xiw_p            0.750   0.7773  0.0169 45.9392 beta  0.1000
b_p              0.500   0.7572  0.0368 20.5809 beta  0.1000
Fomegabar_p      0.007   0.0080  0.0020  4.0515 beta  0.0037
mu_p             0.275   0.1128  0.0212  5.3184 beta  0.1500
sigmaa_p         1.000   2.9224  0.0916 31.8871 norm  1.0000
Sdoupr_p         5.000  10.9320  0.0351 311.5686 norm  3.0000
xip_p            0.500   0.6517  0.0244 26.7502 beta  0.1000
aptil_p          1.500   2.7765  0.0567 48.9496 norm  0.2500
rhotil_p         0.750   0.8418  0.0124 67.7830 beta  0.1000
iota_p           0.500   0.9077  0.0400 22.6679 beta  0.1500
iotaw_p          0.500   0.1259  0.0585  2.1525 beta  0.1500
iotamu_p         0.500   0.9423  0.0266 35.3966 beta  0.1500
adytil_p         0.250   0.3559  0.0147 24.2409 norm  0.1000
signal_corr_p    0.000   0.0977  0.0944  1.0346 norm  0.5000
signal_corr2_p   0.000  -0.2315  0.0970  2.3881 norm  0.5000
signal_corr3_p   0.000  -0.3627  0.2063  1.7581 norm  0.5000
rholambdaf_p     0.500   0.9932  0.0054 184.7858 beta  0.2000
rhomuup_p        0.500   0.9858  0.0074 133.8567 beta  0.2000
rhog_p           0.500   0.9087  0.0254 35.8123 beta  0.2000
rhomuzstar_p     0.500   0.4270  0.0995  4.2913 beta  0.2000
rhoepsil_p       0.500   0.7306  0.0905  8.0707 beta  0.2000
rhosigma_p       0.500   0.7895  0.0271 29.1715 beta  0.2000
rhozetac_p       0.500   0.8755  0.0287 30.5050 beta  0.2000
rhozetai_p       0.500   0.9964  0.0007 1501.9870 beta  0.2000
rhoterm_p        0.500   0.9746  0.0028 348.3905 beta  0.2000
stdsigma2_p      0.001   0.0070  0.0005 13.5599 invg2 0.0012
stdsigma22_p     0.001   0.0026  0.0002 12.5348 invg2 0.0012
stdsigma23_p     0.001   0.0008  0.0003  2.6904 invg2 0.0012
stdsigma1_p      0.002   0.5929  0.0510 11.6242 invg2 0.0033
stdsigma12_p     0.002   0.0010  0.0006  1.7217 invg2 0.0033
stdsigma13_p     0.002   0.0041  0.0006  7.3319 invg2 0.0033
standard deviation of shocks
             prior mean     mode    s.d. t-stat prior pstdev

e_lambdaf        0.002   0.0064  0.0007  9.1561 invg2 0.0033
e_muup           0.002   0.0040  0.0003 13.4810 invg2 0.0033
e_g              0.002   0.0231  0.0016 14.6859 invg2 0.0033
e_s              0.002   0.1041  0.0089 11.6665 invg2 0.0033
e_gamma          0.002   0.0149  0.0019  8.0408 invg2 0.0033
e_xp             0.583   0.5060  0.0381 13.2781 invg2 0.8250
e_zetac          0.002   0.0252  0.0030  8.3494 invg2 0.0033
e_term           0.002   0.0020  0.0002 11.6726 invg2 0.0033
standard deviation of measurement errors
             prior mean     mode    s.d. t-stat prior pstdev

networth_obs     0.010   0.0140  0.0014  9.9304 invg  5.0000
 
Log data density [Laplace approximation] is 4533.562773.
 
MH: One Chain mode.
MH: Initialization at the posterior mode.
 

MH: Number of mh files                   : 68 per block.
MH: Total number of generated files      : 68.
MH: Total number of iterations           : 200000.
MH: average acceptation rate per chain   : 
    0.3615

 
MH: Total number of Mh draws: 200000.
MH: Total number of generated Mh files: 68.
MH: I'll use mh-files 34 to 68.
MH: In mh-file number 34 i'll start at line 1759.
MH: Finally I keep 100000 draws.
 
MH: I'm computing the posterior mean and covariance...  Done!
 
MH: I'm computing the posterior log marginale density (modified harmonic mean)... 
MH: Modified harmonic mean estimator, done!
 
 
ESTIMATION RESULTS
 
Log data density is 4557.141582.
 
parameters
                 prior mean post. mean   conf. interval  prior     pstdev

xiw_p               0.750     0.7520     0.7107   0.7938  beta      0.1000
b_p                 0.500     0.7625     0.6951   0.8291  beta      0.1000
Fomegabar_p         0.007     0.0103     0.0056   0.0152  beta      0.0037
mu_p                0.275     0.0998     0.0611   0.1387  beta      0.1500
sigmaa_p            1.000     3.3414     2.8011   3.9167  norm      1.0000
Sdoupr_p            5.000    10.6718    10.0105  11.3838  norm      3.0000
xip_p               0.500     0.6810     0.6212   0.7368  beta      0.1000
aptil_p             1.500     2.6798     2.5003   2.8702  norm      0.2500
rhotil_p            0.750     0.8445     0.8210   0.8692  beta      0.1000
iota_p              0.500     0.8811     0.8044   0.9606  beta      0.1500
iotaw_p             0.500     0.2117     0.0689   0.3558  beta      0.1500
iotamu_p            0.500     0.9286     0.8813   0.9743  beta      0.1500
adytil_p            0.250     0.3450     0.2113   0.5093  norm      0.1000
signal_corr_p       0.000     0.2088     0.0040   0.4103  norm      0.5000
signal_corr2_p      0.000    -0.2122    -0.4476   0.0329  norm      0.5000
signal_corr3_p      0.000    -0.1720    -0.6944   0.2628  norm      0.5000
rholambdaf_p        0.500     0.9570     0.9112   0.9977  beta      0.2000
rhomuup_p           0.500     0.9838     0.9723   0.9961  beta      0.2000
rhog_p              0.500     0.9216     0.8747   0.9656  beta      0.2000
rhomuzstar_p        0.500     0.3430     0.1391   0.5404  beta      0.2000
rhoepsil_p          0.500     0.8361     0.6799   0.9646  beta      0.2000
rhosigma_p          0.500     0.7897     0.7409   0.8357  beta      0.2000
rhozetac_p          0.500     0.8571     0.7970   0.9176  beta      0.2000
rhozetai_p          0.500     0.9974     0.9958   0.9986  beta      0.2000
rhoterm_p           0.500     0.9643     0.9483   0.9796  beta      0.2000
stdsigma2_p         0.001     0.0071     0.0063   0.0080  invg2     0.0012
stdsigma22_p        0.001     0.0021     0.0004   0.0031  invg2     0.0012
stdsigma23_p        0.001     0.0009     0.0004   0.0014  invg2     0.0012
stdsigma1_p         0.002     0.8201     0.5814   1.0069  invg2     0.0033
stdsigma12_p        0.002     0.0038     0.0006   0.0077  invg2     0.0033
stdsigma13_p        0.002     0.0043     0.0033   0.0053  invg2     0.0033
 
standard deviation of shocks
                 prior mean post. mean   conf. interval  prior     pstdev

e_lambdaf           0.002     0.0073     0.0056   0.0091  invg2     0.0033
e_muup              0.002     0.0040     0.0036   0.0045  invg2     0.0033
e_g                 0.002     0.0238     0.0210   0.0266  invg2     0.0033
e_s                 0.002     0.1045     0.0893   0.1209  invg2     0.0033
e_gamma             0.002     0.0151     0.0120   0.0184  invg2     0.0033
e_xp                0.583     0.5191     0.4498   0.5864  invg2     0.8250
e_zetac             0.002     0.0251     0.0196   0.0302  invg2     0.0033
e_term              0.002     0.0025     0.0017   0.0032  invg2     0.0033
 
standard deviation of measurement errors
                 prior mean post. mean   conf. interval  prior     pstdev

networth_obs        0.010     0.0138     0.0115   0.0162  invg      5.0000
